

*******************************************************************************
Thu Mar 12 00:24:02 2020


FIT:    data read from "timedata.dat" using (log10($1)):2
        format = x:z
        #datapoints = 19
        residuals are weighted equally (unit weight)

function used for fitting: f(x)
	f(x)=a*exp(b*x)+c
fitted parameters initialized with current variable values

2364 6.7686006351e-01  -2.62e-01  3.57e-02    1.556578e-11   8.321405e+00   4.375360e-02

After 2364 iterations the fit converged.
final sum of squares of residuals : 0.67686
rel. change during last iteration : -2.61708e-06

degrees of freedom    (FIT_NDF)                        : 16
rms of residuals      (FIT_STDFIT) = sqrt(WSSR/ndf)    : 0.205679
variance of residuals (reduced chisquare) = WSSR/ndf   : 0.0423038

Final set of parameters            Asymptotic Standard Error
=======================            ==========================
a               = 1.55658e-11      +/- 8.983e-12    (57.71%)
b               = 8.3214           +/- 0.1713       (2.059%)
c               = 0.0437536        +/- 0.06325      (144.6%)

correlation matrix of the fit parameters:
                a      b      c      
a               1.000 
b              -1.000  1.000 
c              -0.519  0.512  1.000 


*******************************************************************************
Thu Mar 12 00:24:26 2020


FIT:    data read from "timedata.dat" using (log10($1)):2
        format = x:z
        #datapoints = 19
        residuals are weighted equally (unit weight)

function used for fitting: f(x)
	f(x)=a*exp(b*x)+c
fitted parameters initialized with current variable values

2364 6.7686006351e-01  -2.62e-01  3.57e-02    1.556578e-11   8.321405e+00   4.375360e-02

After 2364 iterations the fit converged.
final sum of squares of residuals : 0.67686
rel. change during last iteration : -2.61708e-06

degrees of freedom    (FIT_NDF)                        : 16
rms of residuals      (FIT_STDFIT) = sqrt(WSSR/ndf)    : 0.205679
variance of residuals (reduced chisquare) = WSSR/ndf   : 0.0423038

Final set of parameters            Asymptotic Standard Error
=======================            ==========================
a               = 1.55658e-11      +/- 8.983e-12    (57.71%)
b               = 8.3214           +/- 0.1713       (2.059%)
c               = 0.0437536        +/- 0.06325      (144.6%)

correlation matrix of the fit parameters:
                a      b      c      
a               1.000 
b              -1.000  1.000 
c              -0.519  0.512  1.000 


*******************************************************************************
Thu Mar 12 00:25:35 2020


FIT:    data read from "timedata.dat" using (log10($1)):2
        format = x:z
        #datapoints = 19
        residuals are weighted equally (unit weight)

function used for fitting: f(x)
	f(x)=a*exp(b*x)+c
fitted parameters initialized with current variable values

2364 6.7686006351e-01  -2.62e-01  3.57e-02    1.556578e-11   8.321405e+00   4.375360e-02

After 2364 iterations the fit converged.
final sum of squares of residuals : 0.67686
rel. change during last iteration : -2.61708e-06

degrees of freedom    (FIT_NDF)                        : 16
rms of residuals      (FIT_STDFIT) = sqrt(WSSR/ndf)    : 0.205679
variance of residuals (reduced chisquare) = WSSR/ndf   : 0.0423038

Final set of parameters            Asymptotic Standard Error
=======================            ==========================
a               = 1.55658e-11      +/- 8.983e-12    (57.71%)
b               = 8.3214           +/- 0.1713       (2.059%)
c               = 0.0437536        +/- 0.06325      (144.6%)

correlation matrix of the fit parameters:
                a      b      c      
a               1.000 
b              -1.000  1.000 
c              -0.519  0.512  1.000 


*******************************************************************************
Thu Mar 12 00:25:51 2020


FIT:    data read from "timedata.dat" using (log10($1)):2
        format = x:z
        #datapoints = 19
        residuals are weighted equally (unit weight)

function used for fitting: f(x)
	f(x)=a*exp(b*x)+c
fitted parameters initialized with current variable values

2364 6.7686006351e-01  -2.62e-01  3.57e-02    1.556578e-11   8.321405e+00   4.375360e-02

After 2364 iterations the fit converged.
final sum of squares of residuals : 0.67686
rel. change during last iteration : -2.61708e-06

degrees of freedom    (FIT_NDF)                        : 16
rms of residuals      (FIT_STDFIT) = sqrt(WSSR/ndf)    : 0.205679
variance of residuals (reduced chisquare) = WSSR/ndf   : 0.0423038

Final set of parameters            Asymptotic Standard Error
=======================            ==========================
a               = 1.55658e-11      +/- 8.983e-12    (57.71%)
b               = 8.3214           +/- 0.1713       (2.059%)
c               = 0.0437536        +/- 0.06325      (144.6%)

correlation matrix of the fit parameters:
                a      b      c      
a               1.000 
b              -1.000  1.000 
c              -0.519  0.512  1.000 


*******************************************************************************
Thu Mar 12 00:26:08 2020


FIT:    data read from "timedata.dat" using (log10($1)):2
        format = x:z
        #datapoints = 19
        residuals are weighted equally (unit weight)

function used for fitting: f(x)
	f(x)=a*exp(b*x)+c
fitted parameters initialized with current variable values

2364 6.7686006351e-01  -2.62e-01  3.57e-02    1.556578e-11   8.321405e+00   4.375360e-02

After 2364 iterations the fit converged.
final sum of squares of residuals : 0.67686
rel. change during last iteration : -2.61708e-06

degrees of freedom    (FIT_NDF)                        : 16
rms of residuals      (FIT_STDFIT) = sqrt(WSSR/ndf)    : 0.205679
variance of residuals (reduced chisquare) = WSSR/ndf   : 0.0423038

Final set of parameters            Asymptotic Standard Error
=======================            ==========================
a               = 1.55658e-11      +/- 8.983e-12    (57.71%)
b               = 8.3214           +/- 0.1713       (2.059%)
c               = 0.0437536        +/- 0.06325      (144.6%)

correlation matrix of the fit parameters:
                a      b      c      
a               1.000 
b              -1.000  1.000 
c              -0.519  0.512  1.000 


*******************************************************************************
Thu Mar 12 00:26:25 2020


FIT:    data read from "timedata.dat" using (log10($1)):2
        format = x:z
        #datapoints = 19
        residuals are weighted equally (unit weight)

function used for fitting: f(x)
	f(x)=a*exp(b*x)+c
fitted parameters initialized with current variable values

2364 6.7686006351e-01  -2.62e-01  3.57e-02    1.556578e-11   8.321405e+00   4.375360e-02

After 2364 iterations the fit converged.
final sum of squares of residuals : 0.67686
rel. change during last iteration : -2.61708e-06

degrees of freedom    (FIT_NDF)                        : 16
rms of residuals      (FIT_STDFIT) = sqrt(WSSR/ndf)    : 0.205679
variance of residuals (reduced chisquare) = WSSR/ndf   : 0.0423038

Final set of parameters            Asymptotic Standard Error
=======================            ==========================
a               = 1.55658e-11      +/- 8.983e-12    (57.71%)
b               = 8.3214           +/- 0.1713       (2.059%)
c               = 0.0437536        +/- 0.06325      (144.6%)

correlation matrix of the fit parameters:
                a      b      c      
a               1.000 
b              -1.000  1.000 
c              -0.519  0.512  1.000 


*******************************************************************************
Thu Mar 12 00:26:55 2020


FIT:    data read from "timedata.dat" using (log10($1)):2
        format = x:z
        #datapoints = 19
        residuals are weighted equally (unit weight)

function used for fitting: f(x)
	f(x)=a*exp(b*x)+c
fitted parameters initialized with current variable values

2364 6.7686006351e-01  -2.62e-01  3.57e-02    1.556578e-11   8.321405e+00   4.375360e-02

After 2364 iterations the fit converged.
final sum of squares of residuals : 0.67686
rel. change during last iteration : -2.61708e-06

degrees of freedom    (FIT_NDF)                        : 16
rms of residuals      (FIT_STDFIT) = sqrt(WSSR/ndf)    : 0.205679
variance of residuals (reduced chisquare) = WSSR/ndf   : 0.0423038

Final set of parameters            Asymptotic Standard Error
=======================            ==========================
a               = 1.55658e-11      +/- 8.983e-12    (57.71%)
b               = 8.3214           +/- 0.1713       (2.059%)
c               = 0.0437536        +/- 0.06325      (144.6%)

correlation matrix of the fit parameters:
                a      b      c      
a               1.000 
b              -1.000  1.000 
c              -0.519  0.512  1.000 


*******************************************************************************
Thu Mar 12 00:27:28 2020


FIT:    data read from "timedata.dat" using (log10($1)):2
        format = x:z
        #datapoints = 19
        residuals are weighted equally (unit weight)

function used for fitting: f(x)
	f(x)=a*exp(b*x)+c
fitted parameters initialized with current variable values

2364 6.7686006351e-01  -2.62e-01  3.57e-02    1.556578e-11   8.321405e+00   4.375360e-02

After 2364 iterations the fit converged.
final sum of squares of residuals : 0.67686
rel. change during last iteration : -2.61708e-06

degrees of freedom    (FIT_NDF)                        : 16
rms of residuals      (FIT_STDFIT) = sqrt(WSSR/ndf)    : 0.205679
variance of residuals (reduced chisquare) = WSSR/ndf   : 0.0423038

Final set of parameters            Asymptotic Standard Error
=======================            ==========================
a               = 1.55658e-11      +/- 8.983e-12    (57.71%)
b               = 8.3214           +/- 0.1713       (2.059%)
c               = 0.0437536        +/- 0.06325      (144.6%)

correlation matrix of the fit parameters:
                a      b      c      
a               1.000 
b              -1.000  1.000 
c              -0.519  0.512  1.000 


*******************************************************************************
Thu Mar 12 00:29:06 2020


FIT:    data read from "timedata.dat" using (log10($1)):2
        format = x:z
        #datapoints = 19
        residuals are weighted equally (unit weight)

function used for fitting: f(x)
	f(x)=a*exp(b*x)+c
fitted parameters initialized with current variable values

2364 6.7686006351e-01  -2.62e-01  3.57e-02    1.556578e-11   8.321405e+00   4.375360e-02

After 2364 iterations the fit converged.
final sum of squares of residuals : 0.67686
rel. change during last iteration : -2.61708e-06

degrees of freedom    (FIT_NDF)                        : 16
rms of residuals      (FIT_STDFIT) = sqrt(WSSR/ndf)    : 0.205679
variance of residuals (reduced chisquare) = WSSR/ndf   : 0.0423038

Final set of parameters            Asymptotic Standard Error
=======================            ==========================
a               = 1.55658e-11      +/- 8.983e-12    (57.71%)
b               = 8.3214           +/- 0.1713       (2.059%)
c               = 0.0437536        +/- 0.06325      (144.6%)

correlation matrix of the fit parameters:
                a      b      c      
a               1.000 
b              -1.000  1.000 
c              -0.519  0.512  1.000 


*******************************************************************************
Thu Mar 12 00:30:02 2020


FIT:    data read from "timedata.dat" using (log10($1)):2
        format = x:z
        #datapoints = 19
        residuals are weighted equally (unit weight)

function used for fitting: f(x)
	f(x)=a*exp(b*x)+c
fitted parameters initialized with current variable values

2364 6.7686006351e-01  -2.62e-01  3.57e-02    1.556578e-11   8.321405e+00   4.375360e-02

After 2364 iterations the fit converged.
final sum of squares of residuals : 0.67686
rel. change during last iteration : -2.61708e-06

degrees of freedom    (FIT_NDF)                        : 16
rms of residuals      (FIT_STDFIT) = sqrt(WSSR/ndf)    : 0.205679
variance of residuals (reduced chisquare) = WSSR/ndf   : 0.0423038

Final set of parameters            Asymptotic Standard Error
=======================            ==========================
a               = 1.55658e-11      +/- 8.983e-12    (57.71%)
b               = 8.3214           +/- 0.1713       (2.059%)
c               = 0.0437536        +/- 0.06325      (144.6%)

correlation matrix of the fit parameters:
                a      b      c      
a               1.000 
b              -1.000  1.000 
c              -0.519  0.512  1.000 


*******************************************************************************
Thu Mar 12 00:30:45 2020


FIT:    data read from "timedata.dat" using (log10($1)):2
        format = x:z
        #datapoints = 19
        residuals are weighted equally (unit weight)

function used for fitting: f(x)
	f(x)=a*exp(b*x)+c
fitted parameters initialized with current variable values

2364 6.7686006351e-01  -2.62e-01  3.57e-02    1.556578e-11   8.321405e+00   4.375360e-02

After 2364 iterations the fit converged.
final sum of squares of residuals : 0.67686
rel. change during last iteration : -2.61708e-06

degrees of freedom    (FIT_NDF)                        : 16
rms of residuals      (FIT_STDFIT) = sqrt(WSSR/ndf)    : 0.205679
variance of residuals (reduced chisquare) = WSSR/ndf   : 0.0423038

Final set of parameters            Asymptotic Standard Error
=======================            ==========================
a               = 1.55658e-11      +/- 8.983e-12    (57.71%)
b               = 8.3214           +/- 0.1713       (2.059%)
c               = 0.0437536        +/- 0.06325      (144.6%)

correlation matrix of the fit parameters:
                a      b      c      
a               1.000 
b              -1.000  1.000 
c              -0.519  0.512  1.000 


*******************************************************************************
Thu Mar 12 00:31:28 2020


FIT:    data read from "timedata.dat" using (log10($1)):2
        format = x:z
        #datapoints = 19
        residuals are weighted equally (unit weight)

function used for fitting: f(x)
	f(x)=a*exp(b*x)+c
fitted parameters initialized with current variable values

2364 6.7686006351e-01  -2.62e-01  3.57e-02    1.556578e-11   8.321405e+00   4.375360e-02

After 2364 iterations the fit converged.
final sum of squares of residuals : 0.67686
rel. change during last iteration : -2.61708e-06

degrees of freedom    (FIT_NDF)                        : 16
rms of residuals      (FIT_STDFIT) = sqrt(WSSR/ndf)    : 0.205679
variance of residuals (reduced chisquare) = WSSR/ndf   : 0.0423038

Final set of parameters            Asymptotic Standard Error
=======================            ==========================
a               = 1.55658e-11      +/- 8.983e-12    (57.71%)
b               = 8.3214           +/- 0.1713       (2.059%)
c               = 0.0437536        +/- 0.06325      (144.6%)

correlation matrix of the fit parameters:
                a      b      c      
a               1.000 
b              -1.000  1.000 
c              -0.519  0.512  1.000 


*******************************************************************************
Thu Mar 12 01:09:52 2020


FIT:    data read from "timedata.dat" using (log10($1)):2
        format = x:z
        #datapoints = 19
        residuals are weighted equally (unit weight)

function used for fitting: f(x)
	f(x)=a*exp(b*x)+c
fitted parameters initialized with current variable values

2364 6.7686006351e-01  -2.62e-01  3.57e-02    1.556578e-11   8.321405e+00   4.375360e-02

After 2364 iterations the fit converged.
final sum of squares of residuals : 0.67686
rel. change during last iteration : -2.61708e-06

degrees of freedom    (FIT_NDF)                        : 16
rms of residuals      (FIT_STDFIT) = sqrt(WSSR/ndf)    : 0.205679
variance of residuals (reduced chisquare) = WSSR/ndf   : 0.0423038

Final set of parameters            Asymptotic Standard Error
=======================            ==========================
a               = 1.55658e-11      +/- 8.983e-12    (57.71%)
b               = 8.3214           +/- 0.1713       (2.059%)
c               = 0.0437536        +/- 0.06325      (144.6%)

correlation matrix of the fit parameters:
                a      b      c      
a               1.000 
b              -1.000  1.000 
c              -0.519  0.512  1.000 


*******************************************************************************
Thu Mar 12 01:10:16 2020


FIT:    data read from "timedata.dat" using (log10($1)):2
        format = x:z
        #datapoints = 19
        residuals are weighted equally (unit weight)

function used for fitting: f(x)
	f(x)=a*exp(b*x)+c
fitted parameters initialized with current variable values

2364 6.7686006351e-01  -2.62e-01  3.57e-02    1.556578e-11   8.321405e+00   4.375360e-02

After 2364 iterations the fit converged.
final sum of squares of residuals : 0.67686
rel. change during last iteration : -2.61708e-06

degrees of freedom    (FIT_NDF)                        : 16
rms of residuals      (FIT_STDFIT) = sqrt(WSSR/ndf)    : 0.205679
variance of residuals (reduced chisquare) = WSSR/ndf   : 0.0423038

Final set of parameters            Asymptotic Standard Error
=======================            ==========================
a               = 1.55658e-11      +/- 8.983e-12    (57.71%)
b               = 8.3214           +/- 0.1713       (2.059%)
c               = 0.0437536        +/- 0.06325      (144.6%)

correlation matrix of the fit parameters:
                a      b      c      
a               1.000 
b              -1.000  1.000 
c              -0.519  0.512  1.000 


*******************************************************************************
Thu Mar 12 01:10:42 2020


FIT:    data read from "timedata.dat" using (log10($1)):2
        format = x:z
        #datapoints = 19
        residuals are weighted equally (unit weight)

function used for fitting: f(x)
	f(x)=a*exp(b*x)+c
fitted parameters initialized with current variable values

2364 6.7686006351e-01  -2.62e-01  3.57e-02    1.556578e-11   8.321405e+00   4.375360e-02

After 2364 iterations the fit converged.
final sum of squares of residuals : 0.67686
rel. change during last iteration : -2.61708e-06

degrees of freedom    (FIT_NDF)                        : 16
rms of residuals      (FIT_STDFIT) = sqrt(WSSR/ndf)    : 0.205679
variance of residuals (reduced chisquare) = WSSR/ndf   : 0.0423038

Final set of parameters            Asymptotic Standard Error
=======================            ==========================
a               = 1.55658e-11      +/- 8.983e-12    (57.71%)
b               = 8.3214           +/- 0.1713       (2.059%)
c               = 0.0437536        +/- 0.06325      (144.6%)

correlation matrix of the fit parameters:
                a      b      c      
a               1.000 
b              -1.000  1.000 
c              -0.519  0.512  1.000 


*******************************************************************************
Thu Mar 12 01:11:14 2020


FIT:    data read from "timedata.dat" using (log10($1)):2
        format = x:z
        #datapoints = 19
        residuals are weighted equally (unit weight)

function used for fitting: f(x)
	f(x)=a*exp(b*x)+c
fitted parameters initialized with current variable values

2364 6.7686006351e-01  -2.62e-01  3.57e-02    1.556578e-11   8.321405e+00   4.375360e-02

After 2364 iterations the fit converged.
final sum of squares of residuals : 0.67686
rel. change during last iteration : -2.61708e-06

degrees of freedom    (FIT_NDF)                        : 16
rms of residuals      (FIT_STDFIT) = sqrt(WSSR/ndf)    : 0.205679
variance of residuals (reduced chisquare) = WSSR/ndf   : 0.0423038

Final set of parameters            Asymptotic Standard Error
=======================            ==========================
a               = 1.55658e-11      +/- 8.983e-12    (57.71%)
b               = 8.3214           +/- 0.1713       (2.059%)
c               = 0.0437536        +/- 0.06325      (144.6%)

correlation matrix of the fit parameters:
                a      b      c      
a               1.000 
b              -1.000  1.000 
c              -0.519  0.512  1.000 


*******************************************************************************
Thu Mar 12 01:11:26 2020


FIT:    data read from "timedata.dat" using (log10($1)):2
        format = x:z
        #datapoints = 19
        residuals are weighted equally (unit weight)

function used for fitting: f(x)
	f(x)=a*exp(b*x)+c
fitted parameters initialized with current variable values

2364 6.7686006351e-01  -2.62e-01  3.57e-02    1.556578e-11   8.321405e+00   4.375360e-02

After 2364 iterations the fit converged.
final sum of squares of residuals : 0.67686
rel. change during last iteration : -2.61708e-06

degrees of freedom    (FIT_NDF)                        : 16
rms of residuals      (FIT_STDFIT) = sqrt(WSSR/ndf)    : 0.205679
variance of residuals (reduced chisquare) = WSSR/ndf   : 0.0423038

Final set of parameters            Asymptotic Standard Error
=======================            ==========================
a               = 1.55658e-11      +/- 8.983e-12    (57.71%)
b               = 8.3214           +/- 0.1713       (2.059%)
c               = 0.0437536        +/- 0.06325      (144.6%)

correlation matrix of the fit parameters:
                a      b      c      
a               1.000 
b              -1.000  1.000 
c              -0.519  0.512  1.000 


*******************************************************************************
Thu Mar 12 01:12:07 2020


FIT:    data read from "timedata.dat" using (log10($1)):2
        format = x:z
        #datapoints = 19
        residuals are weighted equally (unit weight)

function used for fitting: f(x)
	f(x)=a*exp(b*x)+c
fitted parameters initialized with current variable values

2364 6.7686006351e-01  -2.62e-01  3.57e-02    1.556578e-11   8.321405e+00   4.375360e-02

After 2364 iterations the fit converged.
final sum of squares of residuals : 0.67686
rel. change during last iteration : -2.61708e-06

degrees of freedom    (FIT_NDF)                        : 16
rms of residuals      (FIT_STDFIT) = sqrt(WSSR/ndf)    : 0.205679
variance of residuals (reduced chisquare) = WSSR/ndf   : 0.0423038

Final set of parameters            Asymptotic Standard Error
=======================            ==========================
a               = 1.55658e-11      +/- 8.983e-12    (57.71%)
b               = 8.3214           +/- 0.1713       (2.059%)
c               = 0.0437536        +/- 0.06325      (144.6%)

correlation matrix of the fit parameters:
                a      b      c      
a               1.000 
b              -1.000  1.000 
c              -0.519  0.512  1.000 


*******************************************************************************
Thu Mar 12 01:31:31 2020


FIT:    data read from "timedata.dat" using (log10($1)):2
        format = x:z
        #datapoints = 21
        residuals are weighted equally (unit weight)

function used for fitting: f(x)
	f(x)=a*exp(b*x)+c
fitted parameters initialized with current variable values

2119 5.5736765338e+00  -2.54e-03  3.61e-05    6.097311e-11   7.923928e+00  -2.395651e-01

After 2119 iterations the fit converged.
final sum of squares of residuals : 5.57368
rel. change during last iteration : -2.53568e-08

degrees of freedom    (FIT_NDF)                        : 18
rms of residuals      (FIT_STDFIT) = sqrt(WSSR/ndf)    : 0.556461
variance of residuals (reduced chisquare) = WSSR/ndf   : 0.309649

Final set of parameters            Asymptotic Standard Error
=======================            ==========================
a               = 6.09731e-11      +/- 5.155e-12    (8.455%)
b               = 7.92393          +/- 0.02213      (0.2792%)
c               = -0.239565        +/- 0.1362       (56.84%)

correlation matrix of the fit parameters:
                a      b      c      
a               1.000 
b              -1.000  1.000 
c              -0.346  0.343  1.000 


*******************************************************************************
Thu Mar 12 01:48:06 2020


FIT:    data read from "timedata.dat" using (log10($1)):2
        format = x:z
        #datapoints = 21
        residuals are weighted equally (unit weight)

function used for fitting: f(x)
	f(x)=a*exp(b*x)+c
fitted parameters initialized with current variable values

2035 1.6717837112e+01  -3.27e-05  3.61e-05    1.678020e-10   7.652088e+00  -4.076331e-01

After 2035 iterations the fit converged.
final sum of squares of residuals : 16.7178
rel. change during last iteration : -3.27245e-10

degrees of freedom    (FIT_NDF)                        : 18
rms of residuals      (FIT_STDFIT) = sqrt(WSSR/ndf)    : 0.963726
variance of residuals (reduced chisquare) = WSSR/ndf   : 0.928769

Final set of parameters            Asymptotic Standard Error
=======================            ==========================
a               = 1.67802e-10      +/- 2.406e-11    (14.34%)
b               = 7.65209          +/- 0.03755      (0.4908%)
c               = -0.407633        +/- 0.2383       (58.47%)

correlation matrix of the fit parameters:
                a      b      c      
a               1.000 
b              -1.000  1.000 
c              -0.370  0.367  1.000 


*******************************************************************************
Thu Jun  4 06:19:35 2020


FIT:    data read from "timedata.dat" using (log10($1)):2
        format = x:z
        #datapoints = 19
        residuals are weighted equally (unit weight)

function used for fitting: f(x)
	f(x)=a*exp(b*x)+c
fitted parameters initialized with current variable values

3135 1.8420597749e+00  -9.51e-01  3.57e-02    1.527018e-12   8.943602e+00   1.067488e-01

After 3135 iterations the fit converged.
final sum of squares of residuals : 1.84206
rel. change during last iteration : -9.51249e-06

degrees of freedom    (FIT_NDF)                        : 16
rms of residuals      (FIT_STDFIT) = sqrt(WSSR/ndf)    : 0.339306
variance of residuals (reduced chisquare) = WSSR/ndf   : 0.115129

Final set of parameters            Asymptotic Standard Error
=======================            ==========================
a               = 1.52702e-12      +/- 2.008e-12    (131.5%)
b               = 8.9436           +/- 0.3898       (4.358%)
c               = 0.106749         +/- 0.1021       (95.63%)

correlation matrix of the fit parameters:
                a      b      c      
a               1.000 
b              -1.000  1.000 
c              -0.499  0.493  1.000 
